{"contracts/BondingCurveFactory.sol":{"l":{"19":28,"105":7,"125":32,"126":30,"127":29,"129":28,"132":28,"135":28,"136":28,"140":28,"141":99,"142":99,"146":28,"149":28,"163":28,"171":26,"172":26,"173":24,"174":23,"177":22,"178":22,"181":22,"182":22,"185":21,"186":21,"189":21,"192":21,"193":20,"194":20,"195":20,"198":21,"207":21,"208":3,"218":8,"219":8,"220":6,"221":5,"224":4,"225":4,"228":4,"229":4,"232":4,"235":4,"236":4,"239":4,"240":4,"243":4,"244":3,"245":3,"248":4,"257":26,"258":26,"275":77,"276":77,"293":1,"294":1,"301":2,"302":2,"308":1,"312":5,"313":4,"321":2,"322":2,"323":2,"337":23,"338":23,"339":23,"342":23,"343":23,"345":23,"346":503,"347":503,"349":503,"350":252,"352":251,"356":23,"363":6,"364":6,"366":5,"367":5,"369":5,"377":536,"378":536,"379":536,"383":29,"384":29,"389":3,"390":3,"395":3,"401":5,"405":1},"path":"/Users/tripp/hdlessmrkt/contracts/contracts/BondingCurveFactory.sol","s":{"1":28,"2":32,"3":30,"4":29,"5":28,"6":28,"7":28,"8":28,"9":99,"10":99,"11":28,"12":28,"13":26,"14":26,"15":24,"16":23,"17":22,"18":22,"19":22,"20":22,"21":21,"22":21,"23":20,"24":20,"25":20,"26":21,"27":21,"28":3,"29":8,"30":8,"31":6,"32":5,"33":4,"34":4,"35":4,"36":4,"37":4,"38":4,"39":4,"40":4,"41":3,"42":3,"43":4,"44":26,"45":26,"46":77,"47":77,"48":1,"49":1,"50":2,"51":2,"52":5,"53":23,"54":23,"55":23,"56":23,"57":23,"58":23,"59":503,"60":503,"61":503,"62":23,"63":6,"64":6,"65":5,"66":5,"67":5,"68":536,"69":536,"70":536,"71":29,"72":3,"73":3},"b":{"1":[30,2],"2":[29,1],"3":[28,1],"4":[26,0],"5":[24,2],"6":[23,1],"7":[22,1],"8":[21,1],"9":[20,1],"10":[20,0],"11":[3,18],"12":[8,0],"13":[6,2],"14":[5,1],"15":[4,1],"16":[4,0],"17":[4,0],"18":[3,1],"19":[3,0],"20":[1,1],"21":[5,1],"22":[4,1],"23":[2,1],"24":[252,251],"25":[5,1],"26":[5,1],"27":[1,1]},"f":{"1":28,"2":7,"3":32,"4":26,"5":8,"6":26,"7":77,"8":1,"9":2,"10":1,"11":5,"12":2,"13":23,"14":6,"15":536,"16":29,"17":3,"18":5,"19":1},"fnMap":{"1":{"name":"constructor","line":18,"loc":{"start":{"line":13,"column":4},"end":{"line":20,"column":4}}},"2":{"name":"constructor","line":104,"loc":{"start":{"line":104,"column":4},"end":{"line":106,"column":4}}},"3":{"name":"createMarket","line":118,"loc":{"start":{"line":118,"column":4},"end":{"line":164,"column":4}}},"4":{"name":"buy","line":170,"loc":{"start":{"line":170,"column":4},"end":{"line":210,"column":4}}},"5":{"name":"sell","line":217,"loc":{"start":{"line":217,"column":4},"end":{"line":249,"column":4}}},"6":{"name":"getCurrentPrice","line":256,"loc":{"start":{"line":256,"column":4},"end":{"line":259,"column":4}}},"7":{"name":"getMarket","line":264,"loc":{"start":{"line":264,"column":4},"end":{"line":287,"column":4}}},"8":{"name":"calculatePurchaseReturn","line":292,"loc":{"start":{"line":292,"column":4},"end":{"line":295,"column":4}}},"9":{"name":"calculateSaleReturn","line":300,"loc":{"start":{"line":300,"column":4},"end":{"line":303,"column":4}}},"10":{"name":"setProtocolTreasury","line":307,"loc":{"start":{"line":307,"column":4},"end":{"line":309,"column":4}}},"11":{"name":"setProtocolFeeBps","line":311,"loc":{"start":{"line":311,"column":4},"end":{"line":314,"column":4}}},"12":{"name":"setDefaultParameters","line":320,"loc":{"start":{"line":316,"column":4},"end":{"line":324,"column":4}}},"13":{"name":"_calculatePurchase","line":332,"loc":{"start":{"line":332,"column":4},"end":{"line":357,"column":4}}},"14":{"name":"_calculateSale","line":362,"loc":{"start":{"line":362,"column":4},"end":{"line":370,"column":4}}},"15":{"name":"_getTotalCost","line":375,"loc":{"start":{"line":375,"column":4},"end":{"line":380,"column":4}}},"16":{"name":"_sumWeights","line":382,"loc":{"start":{"line":382,"column":4},"end":{"line":386,"column":4}}},"17":{"name":"_graduate","line":388,"loc":{"start":{"line":388,"column":4},"end":{"line":396,"column":4}}},"18":{"name":"pause","line":400,"loc":{"start":{"line":400,"column":4},"end":{"line":402,"column":4}}},"19":{"name":"unpause","line":404,"loc":{"start":{"line":404,"column":4},"end":{"line":406,"column":4}}}},"statementMap":{"1":{"start":{"line":19,"column":8},"end":{"line":19,"column":36}},"2":{"start":{"line":125,"column":8},"end":{"line":125,"column":89}},"3":{"start":{"line":126,"column":8},"end":{"line":126,"column":73}},"4":{"start":{"line":127,"column":8},"end":{"line":127,"column":70}},"5":{"start":{"line":132,"column":8},"end":{"line":132,"column":86}},"6":{"start":{"line":135,"column":8},"end":{"line":135,"column":77}},"7":{"start":{"line":136,"column":8},"end":{"line":136,"column":81}},"8":{"start":{"line":140,"column":8},"end":{"line":140,"column":4479}},"9":{"start":{"line":141,"column":12},"end":{"line":141,"column":66}},"10":{"start":{"line":142,"column":12},"end":{"line":142,"column":54}},"11":{"start":{"line":146,"column":8},"end":{"line":146,"column":55}},"12":{"start":{"line":163,"column":8},"end":{"line":163,"column":74}},"13":{"start":{"line":171,"column":8},"end":{"line":171,"column":49}},"14":{"start":{"line":172,"column":8},"end":{"line":172,"column":50}},"15":{"start":{"line":173,"column":8},"end":{"line":173,"column":53}},"16":{"start":{"line":174,"column":8},"end":{"line":174,"column":46}},"17":{"start":{"line":177,"column":8},"end":{"line":177,"column":58}},"18":{"start":{"line":178,"column":8},"end":{"line":178,"column":43}},"19":{"start":{"line":181,"column":8},"end":{"line":181,"column":67}},"20":{"start":{"line":182,"column":8},"end":{"line":182,"column":46}},"21":{"start":{"line":189,"column":8},"end":{"line":189,"column":73}},"22":{"start":{"line":192,"column":8},"end":{"line":192,"column":6284}},"23":{"start":{"line":193,"column":12},"end":{"line":193,"column":71}},"24":{"start":{"line":194,"column":12},"end":{"line":194,"column":53}},"25":{"start":{"line":195,"column":12},"end":{"line":195,"column":52}},"26":{"start":{"line":198,"column":8},"end":{"line":198,"column":6502}},"27":{"start":{"line":207,"column":8},"end":{"line":207,"column":6707}},"28":{"start":{"line":208,"column":12},"end":{"line":208,"column":30}},"29":{"start":{"line":218,"column":8},"end":{"line":218,"column":49}},"30":{"start":{"line":219,"column":8},"end":{"line":219,"column":50}},"31":{"start":{"line":220,"column":8},"end":{"line":220,"column":53}},"32":{"start":{"line":221,"column":8},"end":{"line":221,"column":46}},"33":{"start":{"line":224,"column":8},"end":{"line":224,"column":63}},"34":{"start":{"line":225,"column":8},"end":{"line":225,"column":75}},"35":{"start":{"line":228,"column":8},"end":{"line":228,"column":58}},"36":{"start":{"line":229,"column":8},"end":{"line":229,"column":43}},"37":{"start":{"line":232,"column":8},"end":{"line":232,"column":92}},"38":{"start":{"line":239,"column":8},"end":{"line":239,"column":64}},"39":{"start":{"line":240,"column":8},"end":{"line":240,"column":46}},"40":{"start":{"line":243,"column":8},"end":{"line":243,"column":8038}},"41":{"start":{"line":244,"column":12},"end":{"line":244,"column":71}},"42":{"start":{"line":245,"column":12},"end":{"line":245,"column":53}},"43":{"start":{"line":248,"column":8},"end":{"line":248,"column":69}},"44":{"start":{"line":257,"column":8},"end":{"line":257,"column":49}},"45":{"start":{"line":258,"column":8},"end":{"line":258,"column":77}},"46":{"start":{"line":275,"column":8},"end":{"line":275,"column":49}},"47":{"start":{"line":276,"column":8},"end":{"line":276,"column":9051}},"48":{"start":{"line":293,"column":8},"end":{"line":293,"column":49}},"49":{"start":{"line":294,"column":8},"end":{"line":294,"column":52}},"50":{"start":{"line":301,"column":8},"end":{"line":301,"column":49}},"51":{"start":{"line":302,"column":8},"end":{"line":302,"column":50}},"52":{"start":{"line":312,"column":8},"end":{"line":312,"column":46}},"53":{"start":{"line":337,"column":8},"end":{"line":337,"column":49}},"54":{"start":{"line":338,"column":8},"end":{"line":338,"column":66}},"55":{"start":{"line":339,"column":8},"end":{"line":339,"column":52}},"56":{"start":{"line":342,"column":8},"end":{"line":342,"column":35}},"57":{"start":{"line":343,"column":8},"end":{"line":343,"column":78}},"58":{"start":{"line":345,"column":8},"end":{"line":345,"column":11348}},"59":{"start":{"line":346,"column":12},"end":{"line":346,"column":42}},"60":{"start":{"line":347,"column":12},"end":{"line":347,"column":53}},"61":{"start":{"line":349,"column":12},"end":{"line":349,"column":11523}},"62":{"start":{"line":356,"column":8},"end":{"line":356,"column":34}},"63":{"start":{"line":363,"column":8},"end":{"line":363,"column":49}},"64":{"start":{"line":364,"column":8},"end":{"line":364,"column":70}},"65":{"start":{"line":366,"column":8},"end":{"line":366,"column":66}},"66":{"start":{"line":367,"column":8},"end":{"line":367,"column":76}},"67":{"start":{"line":369,"column":8},"end":{"line":369,"column":36}},"68":{"start":{"line":377,"column":8},"end":{"line":377,"column":65}},"69":{"start":{"line":378,"column":8},"end":{"line":378,"column":79}},"70":{"start":{"line":379,"column":8},"end":{"line":379,"column":41}},"71":{"start":{"line":383,"column":8},"end":{"line":383,"column":12712}},"72":{"start":{"line":389,"column":8},"end":{"line":389,"column":49}},"73":{"start":{"line":395,"column":8},"end":{"line":395,"column":72}}},"branchMap":{"1":{"line":125,"type":"if","locations":[{"start":{"line":125,"column":8},"end":{"line":125,"column":8}},{"start":{"line":125,"column":8},"end":{"line":125,"column":8}}]},"2":{"line":126,"type":"if","locations":[{"start":{"line":126,"column":8},"end":{"line":126,"column":8}},{"start":{"line":126,"column":8},"end":{"line":126,"column":8}}]},"3":{"line":127,"type":"if","locations":[{"start":{"line":127,"column":8},"end":{"line":127,"column":8}},{"start":{"line":127,"column":8},"end":{"line":127,"column":8}}]},"4":{"line":170,"type":"if","locations":[{"start":{"line":170,"column":52},"end":{"line":170,"column":52}},{"start":{"line":170,"column":52},"end":{"line":170,"column":52}}]},"5":{"line":172,"type":"if","locations":[{"start":{"line":172,"column":8},"end":{"line":172,"column":8}},{"start":{"line":172,"column":8},"end":{"line":172,"column":8}}]},"6":{"line":173,"type":"if","locations":[{"start":{"line":173,"column":8},"end":{"line":173,"column":8}},{"start":{"line":173,"column":8},"end":{"line":173,"column":8}}]},"7":{"line":174,"type":"if","locations":[{"start":{"line":174,"column":8},"end":{"line":174,"column":8}},{"start":{"line":174,"column":8},"end":{"line":174,"column":8}}]},"8":{"line":182,"type":"if","locations":[{"start":{"line":182,"column":8},"end":{"line":182,"column":8}},{"start":{"line":182,"column":8},"end":{"line":182,"column":8}}]},"9":{"line":192,"type":"if","locations":[{"start":{"line":192,"column":8},"end":{"line":192,"column":8}},{"start":{"line":192,"column":8},"end":{"line":192,"column":8}}]},"10":{"line":194,"type":"if","locations":[{"start":{"line":194,"column":12},"end":{"line":194,"column":12}},{"start":{"line":194,"column":12},"end":{"line":194,"column":12}}]},"11":{"line":207,"type":"if","locations":[{"start":{"line":207,"column":8},"end":{"line":207,"column":8}},{"start":{"line":207,"column":8},"end":{"line":207,"column":8}}]},"12":{"line":217,"type":"if","locations":[{"start":{"line":217,"column":66},"end":{"line":217,"column":66}},{"start":{"line":217,"column":66},"end":{"line":217,"column":66}}]},"13":{"line":219,"type":"if","locations":[{"start":{"line":219,"column":8},"end":{"line":219,"column":8}},{"start":{"line":219,"column":8},"end":{"line":219,"column":8}}]},"14":{"line":220,"type":"if","locations":[{"start":{"line":220,"column":8},"end":{"line":220,"column":8}},{"start":{"line":220,"column":8},"end":{"line":220,"column":8}}]},"15":{"line":221,"type":"if","locations":[{"start":{"line":221,"column":8},"end":{"line":221,"column":8}},{"start":{"line":221,"column":8},"end":{"line":221,"column":8}}]},"16":{"line":225,"type":"if","locations":[{"start":{"line":225,"column":8},"end":{"line":225,"column":8}},{"start":{"line":225,"column":8},"end":{"line":225,"column":8}}]},"17":{"line":240,"type":"if","locations":[{"start":{"line":240,"column":8},"end":{"line":240,"column":8}},{"start":{"line":240,"column":8},"end":{"line":240,"column":8}}]},"18":{"line":243,"type":"if","locations":[{"start":{"line":243,"column":8},"end":{"line":243,"column":8}},{"start":{"line":243,"column":8},"end":{"line":243,"column":8}}]},"19":{"line":245,"type":"if","locations":[{"start":{"line":245,"column":12},"end":{"line":245,"column":12}},{"start":{"line":245,"column":12},"end":{"line":245,"column":12}}]},"20":{"line":307,"type":"if","locations":[{"start":{"line":307,"column":61},"end":{"line":307,"column":61}},{"start":{"line":307,"column":61},"end":{"line":307,"column":61}}]},"21":{"line":311,"type":"if","locations":[{"start":{"line":311,"column":57},"end":{"line":311,"column":57}},{"start":{"line":311,"column":57},"end":{"line":311,"column":57}}]},"22":{"line":312,"type":"if","locations":[{"start":{"line":312,"column":8},"end":{"line":312,"column":8}},{"start":{"line":312,"column":8},"end":{"line":312,"column":8}}]},"23":{"line":320,"type":"if","locations":[{"start":{"line":320,"column":15},"end":{"line":320,"column":15}},{"start":{"line":320,"column":15},"end":{"line":320,"column":15}}]},"24":{"line":349,"type":"if","locations":[{"start":{"line":349,"column":12},"end":{"line":349,"column":12}},{"start":{"line":349,"column":12},"end":{"line":349,"column":12}}]},"25":{"line":364,"type":"if","locations":[{"start":{"line":364,"column":8},"end":{"line":364,"column":8}},{"start":{"line":364,"column":8},"end":{"line":364,"column":8}}]},"26":{"line":400,"type":"if","locations":[{"start":{"line":400,"column":46},"end":{"line":400,"column":46}},{"start":{"line":400,"column":46},"end":{"line":400,"column":46}}]},"27":{"line":404,"type":"if","locations":[{"start":{"line":404,"column":48},"end":{"line":404,"column":48}},{"start":{"line":404,"column":48},"end":{"line":404,"column":48}}]}}},"contracts/QuorumGovernance.sol":{"l":{"148":6,"168":27,"169":25,"170":24,"172":23,"174":23,"175":23,"176":23,"177":23,"178":23,"179":23,"180":23,"181":23,"182":23,"183":23,"184":23,"186":23,"187":23,"195":40,"196":40,"197":39,"198":38,"199":37,"201":36,"202":36,"204":36,"207":36,"208":13,"216":13,"217":13,"218":13,"223":13,"226":13,"235":13,"236":13,"239":13,"255":28,"257":27,"259":27,"274":27,"281":51,"282":51,"283":50,"284":50,"285":49,"287":48,"290":48,"292":48,"293":42,"295":6,"298":48,"305":15,"306":15,"307":14,"310":13,"311":13,"312":13,"318":12,"319":10,"320":10,"321":10,"322":10,"324":2,"325":2,"332":10,"333":5,"334":5,"336":1,"337":1,"340":1,"343":1,"346":1,"348":1,"352":48,"364":48,"365":98,"366":47,"369":1,"373":13,"385":13,"386":13,"387":13,"389":13,"393":61,"394":151,"396":2,"414":8,"415":8,"441":7,"442":7,"458":1},"path":"/Users/tripp/hdlessmrkt/contracts/contracts/QuorumGovernance.sol","s":{"1":27,"2":25,"3":24,"4":23,"5":23,"6":23,"7":40,"8":40,"9":39,"10":38,"11":37,"12":36,"13":36,"14":13,"15":13,"16":13,"17":13,"18":13,"19":13,"20":13,"21":28,"22":27,"23":51,"24":51,"25":50,"26":50,"27":49,"28":48,"29":48,"30":48,"31":15,"32":15,"33":14,"34":13,"35":13,"36":13,"37":12,"38":10,"39":10,"40":2,"41":10,"42":5,"43":5,"44":1,"45":4,"46":1,"47":3,"48":1,"49":2,"50":1,"51":1,"52":48,"53":48,"54":98,"55":47,"56":1,"57":13,"58":13,"59":13,"60":13,"61":61,"62":151,"63":59,"64":2,"65":8,"66":8,"67":7,"68":7},"b":{"1":[25,2],"2":[24,1],"3":[23,1],"4":[39,1],"5":[38,1],"6":[37,1],"7":[36,1],"8":[13,23],"9":[13,0],"10":[13,0],"11":[27,1],"12":[50,1],"13":[50,0],"14":[49,1],"15":[48,1],"16":[42,6],"17":[15,0],"18":[14,1],"19":[13,1],"20":[12,1],"21":[10,2],"22":[9,1],"23":[5,5],"24":[1,4],"25":[1,3],"26":[1,2],"27":[1,1],"28":[47,51],"29":[59,92],"30":[1,1]},"f":{"1":6,"2":27,"3":40,"4":13,"5":28,"6":51,"7":15,"8":10,"9":48,"10":13,"11":61,"12":8,"13":7,"14":1},"fnMap":{"1":{"name":"constructor","line":147,"loc":{"start":{"line":147,"column":4},"end":{"line":149,"column":4}}},"2":{"name":"proposeQuorum","line":161,"loc":{"start":{"line":161,"column":4},"end":{"line":188,"column":4}}},"3":{"name":"approveQuorum","line":194,"loc":{"start":{"line":194,"column":4},"end":{"line":210,"column":4}}},"4":{"name":"_executeQuorumProposal","line":215,"loc":{"start":{"line":215,"column":4},"end":{"line":240,"column":4}}},"5":{"name":"propose","line":247,"loc":{"start":{"line":247,"column":4},"end":{"line":275,"column":4}}},"6":{"name":"vote","line":280,"loc":{"start":{"line":280,"column":4},"end":{"line":299,"column":4}}},"7":{"name":"execute","line":304,"loc":{"start":{"line":304,"column":4},"end":{"line":327,"column":4}}},"8":{"name":"_executeProposal","line":331,"loc":{"start":{"line":331,"column":4},"end":{"line":349,"column":4}}},"9":{"name":"_getVotingWeight","line":351,"loc":{"start":{"line":351,"column":4},"end":{"line":370,"column":4}}},"10":{"name":"_getTotalWeight","line":372,"loc":{"start":{"line":372,"column":4},"end":{"line":390,"column":4}}},"11":{"name":"_isInArray","line":392,"loc":{"start":{"line":392,"column":4},"end":{"line":397,"column":4}}},"12":{"name":"getProposal","line":401,"loc":{"start":{"line":401,"column":4},"end":{"line":428,"column":4}}},"13":{"name":"getQuorumProposal","line":430,"loc":{"start":{"line":430,"column":4},"end":{"line":453,"column":4}}},"14":{"name":"setFactory","line":457,"loc":{"start":{"line":457,"column":4},"end":{"line":459,"column":4}}}},"statementMap":{"1":{"start":{"line":168,"column":8},"end":{"line":168,"column":77}},"2":{"start":{"line":169,"column":8},"end":{"line":169,"column":67}},"3":{"start":{"line":170,"column":8},"end":{"line":170,"column":76}},"4":{"start":{"line":174,"column":8},"end":{"line":174,"column":69}},"5":{"start":{"line":186,"column":8},"end":{"line":186,"column":62}},"6":{"start":{"line":187,"column":8},"end":{"line":187,"column":51}},"7":{"start":{"line":195,"column":8},"end":{"line":195,"column":69}},"8":{"start":{"line":196,"column":8},"end":{"line":196,"column":67}},"9":{"start":{"line":197,"column":8},"end":{"line":197,"column":54}},"10":{"start":{"line":198,"column":8},"end":{"line":198,"column":69}},"11":{"start":{"line":199,"column":8},"end":{"line":199,"column":89}},"12":{"start":{"line":204,"column":8},"end":{"line":204,"column":51}},"13":{"start":{"line":207,"column":8},"end":{"line":207,"column":6119}},"14":{"start":{"line":208,"column":12},"end":{"line":208,"column":45}},"15":{"start":{"line":216,"column":8},"end":{"line":216,"column":69}},"16":{"start":{"line":217,"column":8},"end":{"line":217,"column":54}},"17":{"start":{"line":218,"column":8},"end":{"line":218,"column":6519}},"18":{"start":{"line":226,"column":8},"end":{"line":226,"column":6733}},"19":{"start":{"line":235,"column":8},"end":{"line":235,"column":6979}},"20":{"start":{"line":239,"column":8},"end":{"line":239,"column":47}},"21":{"start":{"line":255,"column":8},"end":{"line":255,"column":73}},"22":{"start":{"line":274,"column":8},"end":{"line":274,"column":82}},"23":{"start":{"line":281,"column":8},"end":{"line":281,"column":57}},"24":{"start":{"line":282,"column":8},"end":{"line":282,"column":67}},"25":{"start":{"line":283,"column":8},"end":{"line":283,"column":79}},"26":{"start":{"line":284,"column":8},"end":{"line":284,"column":82}},"27":{"start":{"line":285,"column":8},"end":{"line":285,"column":66}},"28":{"start":{"line":290,"column":8},"end":{"line":290,"column":72}},"29":{"start":{"line":292,"column":8},"end":{"line":292,"column":8871}},"30":{"start":{"line":298,"column":8},"end":{"line":298,"column":62}},"31":{"start":{"line":305,"column":8},"end":{"line":305,"column":57}},"32":{"start":{"line":306,"column":8},"end":{"line":306,"column":70}},"33":{"start":{"line":307,"column":8},"end":{"line":307,"column":79}},"34":{"start":{"line":310,"column":8},"end":{"line":310,"column":70}},"35":{"start":{"line":311,"column":8},"end":{"line":311,"column":64}},"36":{"start":{"line":312,"column":8},"end":{"line":312,"column":9595}},"37":{"start":{"line":318,"column":8},"end":{"line":318,"column":9753}},"38":{"start":{"line":320,"column":12},"end":{"line":320,"column":53}},"39":{"start":{"line":322,"column":12},"end":{"line":322,"column":54}},"40":{"start":{"line":325,"column":12},"end":{"line":325,"column":52}},"41":{"start":{"line":332,"column":8},"end":{"line":332,"column":10340}},"42":{"start":{"line":334,"column":12},"end":{"line":334,"column":23}},"43":{"start":{"line":335,"column":15},"end":{"line":335,"column":10498}},"44":{"start":{"line":337,"column":12},"end":{"line":337,"column":23}},"45":{"start":{"line":338,"column":15},"end":{"line":338,"column":10660}},"46":{"start":{"line":340,"column":12},"end":{"line":340,"column":23}},"47":{"start":{"line":341,"column":15},"end":{"line":341,"column":10801}},"48":{"start":{"line":343,"column":12},"end":{"line":343,"column":23}},"49":{"start":{"line":344,"column":15},"end":{"line":344,"column":10936}},"50":{"start":{"line":346,"column":12},"end":{"line":346,"column":23}},"51":{"start":{"line":348,"column":8},"end":{"line":348,"column":20}},"52":{"start":{"line":352,"column":8},"end":{"line":352,"column":11236}},"53":{"start":{"line":364,"column":8},"end":{"line":364,"column":11417}},"54":{"start":{"line":365,"column":12},"end":{"line":365,"column":11479}},"55":{"start":{"line":366,"column":16},"end":{"line":366,"column":33}},"56":{"start":{"line":369,"column":8},"end":{"line":369,"column":16}},"57":{"start":{"line":373,"column":8},"end":{"line":373,"column":11705}},"58":{"start":{"line":385,"column":8},"end":{"line":385,"column":25}},"59":{"start":{"line":386,"column":8},"end":{"line":386,"column":11890}},"60":{"start":{"line":389,"column":8},"end":{"line":389,"column":20}},"61":{"start":{"line":393,"column":8},"end":{"line":393,"column":12108}},"62":{"start":{"line":394,"column":12},"end":{"line":394,"column":43}},"63":{"start":{"line":394,"column":32},"end":{"line":394,"column":43}},"64":{"start":{"line":396,"column":8},"end":{"line":396,"column":20}},"65":{"start":{"line":414,"column":8},"end":{"line":414,"column":50}},"66":{"start":{"line":415,"column":8},"end":{"line":415,"column":12716}},"67":{"start":{"line":441,"column":8},"end":{"line":441,"column":62}},"68":{"start":{"line":442,"column":8},"end":{"line":442,"column":13414}}},"branchMap":{"1":{"line":168,"type":"if","locations":[{"start":{"line":168,"column":8},"end":{"line":168,"column":8}},{"start":{"line":168,"column":8},"end":{"line":168,"column":8}}]},"2":{"line":169,"type":"if","locations":[{"start":{"line":169,"column":8},"end":{"line":169,"column":8}},{"start":{"line":169,"column":8},"end":{"line":169,"column":8}}]},"3":{"line":170,"type":"if","locations":[{"start":{"line":170,"column":8},"end":{"line":170,"column":8}},{"start":{"line":170,"column":8},"end":{"line":170,"column":8}}]},"4":{"line":196,"type":"if","locations":[{"start":{"line":196,"column":8},"end":{"line":196,"column":8}},{"start":{"line":196,"column":8},"end":{"line":196,"column":8}}]},"5":{"line":197,"type":"if","locations":[{"start":{"line":197,"column":8},"end":{"line":197,"column":8}},{"start":{"line":197,"column":8},"end":{"line":197,"column":8}}]},"6":{"line":198,"type":"if","locations":[{"start":{"line":198,"column":8},"end":{"line":198,"column":8}},{"start":{"line":198,"column":8},"end":{"line":198,"column":8}}]},"7":{"line":199,"type":"if","locations":[{"start":{"line":199,"column":8},"end":{"line":199,"column":8}},{"start":{"line":199,"column":8},"end":{"line":199,"column":8}}]},"8":{"line":207,"type":"if","locations":[{"start":{"line":207,"column":8},"end":{"line":207,"column":8}},{"start":{"line":207,"column":8},"end":{"line":207,"column":8}}]},"9":{"line":217,"type":"if","locations":[{"start":{"line":217,"column":8},"end":{"line":217,"column":8}},{"start":{"line":217,"column":8},"end":{"line":217,"column":8}}]},"10":{"line":218,"type":"if","locations":[{"start":{"line":218,"column":8},"end":{"line":218,"column":8}},{"start":{"line":218,"column":8},"end":{"line":218,"column":8}}]},"11":{"line":255,"type":"if","locations":[{"start":{"line":255,"column":8},"end":{"line":255,"column":8}},{"start":{"line":255,"column":8},"end":{"line":255,"column":8}}]},"12":{"line":282,"type":"if","locations":[{"start":{"line":282,"column":8},"end":{"line":282,"column":8}},{"start":{"line":282,"column":8},"end":{"line":282,"column":8}}]},"13":{"line":283,"type":"if","locations":[{"start":{"line":283,"column":8},"end":{"line":283,"column":8}},{"start":{"line":283,"column":8},"end":{"line":283,"column":8}}]},"14":{"line":284,"type":"if","locations":[{"start":{"line":284,"column":8},"end":{"line":284,"column":8}},{"start":{"line":284,"column":8},"end":{"line":284,"column":8}}]},"15":{"line":285,"type":"if","locations":[{"start":{"line":285,"column":8},"end":{"line":285,"column":8}},{"start":{"line":285,"column":8},"end":{"line":285,"column":8}}]},"16":{"line":292,"type":"if","locations":[{"start":{"line":292,"column":8},"end":{"line":292,"column":8}},{"start":{"line":292,"column":8},"end":{"line":292,"column":8}}]},"17":{"line":304,"type":"if","locations":[{"start":{"line":304,"column":50},"end":{"line":304,"column":50}},{"start":{"line":304,"column":50},"end":{"line":304,"column":50}}]},"18":{"line":306,"type":"if","locations":[{"start":{"line":306,"column":8},"end":{"line":306,"column":8}},{"start":{"line":306,"column":8},"end":{"line":306,"column":8}}]},"19":{"line":307,"type":"if","locations":[{"start":{"line":307,"column":8},"end":{"line":307,"column":8}},{"start":{"line":307,"column":8},"end":{"line":307,"column":8}}]},"20":{"line":312,"type":"if","locations":[{"start":{"line":312,"column":8},"end":{"line":312,"column":8}},{"start":{"line":312,"column":8},"end":{"line":312,"column":8}}]},"21":{"line":318,"type":"if","locations":[{"start":{"line":318,"column":8},"end":{"line":318,"column":8}},{"start":{"line":318,"column":8},"end":{"line":318,"column":8}}]},"22":{"line":321,"type":"if","locations":[{"start":{"line":321,"column":40},"end":{"line":321,"column":62}},{"start":{"line":321,"column":66},"end":{"line":321,"column":86}}]},"23":{"line":332,"type":"if","locations":[{"start":{"line":332,"column":8},"end":{"line":332,"column":8}},{"start":{"line":332,"column":8},"end":{"line":332,"column":8}}]},"24":{"line":335,"type":"if","locations":[{"start":{"line":335,"column":15},"end":{"line":335,"column":15}},{"start":{"line":335,"column":15},"end":{"line":335,"column":15}}]},"25":{"line":338,"type":"if","locations":[{"start":{"line":338,"column":15},"end":{"line":338,"column":15}},{"start":{"line":338,"column":15},"end":{"line":338,"column":15}}]},"26":{"line":341,"type":"if","locations":[{"start":{"line":341,"column":15},"end":{"line":341,"column":15}},{"start":{"line":341,"column":15},"end":{"line":341,"column":15}}]},"27":{"line":344,"type":"if","locations":[{"start":{"line":344,"column":15},"end":{"line":344,"column":15}},{"start":{"line":344,"column":15},"end":{"line":344,"column":15}}]},"28":{"line":365,"type":"if","locations":[{"start":{"line":365,"column":12},"end":{"line":365,"column":12}},{"start":{"line":365,"column":12},"end":{"line":365,"column":12}}]},"29":{"line":394,"type":"if","locations":[{"start":{"line":394,"column":12},"end":{"line":394,"column":12}},{"start":{"line":394,"column":12},"end":{"line":394,"column":12}}]},"30":{"line":457,"type":"if","locations":[{"start":{"line":457,"column":51},"end":{"line":457,"column":51}},{"start":{"line":457,"column":51},"end":{"line":457,"column":51}}]}}}}